{"level":"info","message":"App listens on port 3001","timestamp":"2019-05-05T12:11:12.239Z"}
{"level":"info","message":"Connected to mongoDB","timestamp":"2019-05-05T12:11:12.265Z"}
{"level":"info","message":"App listens on port 3001","timestamp":"2019-05-05T12:12:31.876Z"}
{"level":"info","message":"Connected to mongoDB","timestamp":"2019-05-05T12:12:31.906Z"}
{"level":"info","message":"App listens on port 3001","timestamp":"2019-05-05T12:14:01.270Z"}
{"level":"info","message":"Connected to mongoDB","timestamp":"2019-05-05T12:14:01.298Z"}
{"level":"info","message":"App listens on port 3001","timestamp":"2019-05-05T12:14:15.111Z"}
{"level":"info","message":"Connected to mongoDB","timestamp":"2019-05-05T12:14:15.138Z"}
{"level":"info","message":"App listens on port 3001","timestamp":"2019-05-05T12:16:11.525Z"}
{"level":"info","message":"Connected to mongoDB","timestamp":"2019-05-05T12:16:11.550Z"}
{"message":"Unexpected string in JSON at position 27","stack":"SyntaxError: Unexpected string in JSON at position 27\n    at JSON.parse (<anonymous>)\n    at parse (/Users/lenverstijnen/Desktop/Authentication/node_modules/body-parser/lib/types/json.js:89:19)\n    at /Users/lenverstijnen/Desktop/Authentication/node_modules/body-parser/lib/read.js:121:18\n    at invokeCallback (/Users/lenverstijnen/Desktop/Authentication/node_modules/raw-body/index.js:224:16)\n    at done (/Users/lenverstijnen/Desktop/Authentication/node_modules/raw-body/index.js:213:7)\n    at IncomingMessage.onEnd (/Users/lenverstijnen/Desktop/Authentication/node_modules/raw-body/index.js:273:7)\n    at IncomingMessage.emit (events.js:182:13)\n    at endReadableNT (_stream_readable.js:1081:12)\n    at process._tickCallback (internal/process/next_tick.js:63:19)","expose":true,"statusCode":400,"status":400,"body":"{\n \"name\": \"Len Verstijnen\"\",\n \"email\": \"lenverstijnen@me.com\",\n \"password\": \"1234567891\",\n \"password2\": \"123456789\",\n}","type":"entity.parse.failed","level":"error","timestamp":"2019-05-05T12:17:35.898Z"}
{"message":"Unexpected string in JSON at position 27","stack":"SyntaxError: Unexpected string in JSON at position 27\n    at JSON.parse (<anonymous>)\n    at parse (/Users/lenverstijnen/Desktop/Authentication/node_modules/body-parser/lib/types/json.js:89:19)\n    at /Users/lenverstijnen/Desktop/Authentication/node_modules/body-parser/lib/read.js:121:18\n    at invokeCallback (/Users/lenverstijnen/Desktop/Authentication/node_modules/raw-body/index.js:224:16)\n    at done (/Users/lenverstijnen/Desktop/Authentication/node_modules/raw-body/index.js:213:7)\n    at IncomingMessage.onEnd (/Users/lenverstijnen/Desktop/Authentication/node_modules/raw-body/index.js:273:7)\n    at IncomingMessage.emit (events.js:182:13)\n    at endReadableNT (_stream_readable.js:1081:12)\n    at process._tickCallback (internal/process/next_tick.js:63:19)","expose":true,"statusCode":400,"status":400,"body":"{\n \"name\": \"Len Verstijnen\"\",\n \"email\": \"lenverstijnen@me.com\",\n \"password\": \"1234567891\",\n \"password2\": \"123456789\"\n}","type":"entity.parse.failed","level":"error","timestamp":"2019-05-05T12:17:48.870Z"}
{"level":"info","message":"App listens on port 3001","timestamp":"2019-05-05T12:21:18.310Z"}
{"level":"info","message":"Connected to mongoDB","timestamp":"2019-05-05T12:21:18.335Z"}
{"level":"info","message":"App listens on port 3001","timestamp":"2019-05-05T12:21:28.737Z"}
{"level":"info","message":"Connected to mongoDB","timestamp":"2019-05-05T12:21:28.762Z"}
{"level":"info","message":"App listens on port 3001","timestamp":"2019-05-05T12:28:29.344Z"}
{"level":"info","message":"Connected to mongoDB","timestamp":"2019-05-05T12:28:29.371Z"}
{"level":"info","message":"App listens on port 3001","timestamp":"2019-05-05T12:29:27.476Z"}
{"level":"info","message":"Connected to mongoDB","timestamp":"2019-05-05T12:29:27.513Z"}
{"level":"info","message":"App listens on port 3001","timestamp":"2019-05-05T12:29:45.304Z"}
{"level":"info","message":"Connected to mongoDB","timestamp":"2019-05-05T12:29:45.334Z"}
{"level":"info","message":"App listens on port 3001","timestamp":"2019-05-05T12:30:12.772Z"}
{"level":"info","message":"Connected to mongoDB","timestamp":"2019-05-05T12:30:12.800Z"}
{"level":"info","message":"App listens on port 3001","timestamp":"2019-05-05T12:31:01.521Z"}
{"level":"info","message":"Connected to mongoDB","timestamp":"2019-05-05T12:31:01.549Z"}
{"message":"Unexpected string in JSON at position 116","stack":"SyntaxError: Unexpected string in JSON at position 116\n    at JSON.parse (<anonymous>)\n    at parse (/Users/lenverstijnen/Desktop/Authentication/node_modules/body-parser/lib/types/json.js:89:19)\n    at /Users/lenverstijnen/Desktop/Authentication/node_modules/body-parser/lib/read.js:121:18\n    at invokeCallback (/Users/lenverstijnen/Desktop/Authentication/node_modules/raw-body/index.js:224:16)\n    at done (/Users/lenverstijnen/Desktop/Authentication/node_modules/raw-body/index.js:213:7)\n    at IncomingMessage.onEnd (/Users/lenverstijnen/Desktop/Authentication/node_modules/raw-body/index.js:273:7)\n    at IncomingMessage.emit (events.js:182:13)\n    at endReadableNT (_stream_readable.js:1081:12)\n    at process._tickCallback (internal/process/next_tick.js:63:19)","expose":true,"statusCode":400,"status":400,"body":"{\n \"name\": \"Len Verstijnen\",\n \"email\": \"lenverstijnen@me.com\",\n \"password\": \"123456789\",\n \"password2\": \"123456789\"\n \"isAdmin\": truettt\n}","type":"entity.parse.failed","level":"error","timestamp":"2019-05-05T12:31:25.911Z"}
{"level":"info","message":"App listens on port 3001","timestamp":"2019-05-05T12:31:37.735Z"}
{"level":"info","message":"Connected to mongoDB","timestamp":"2019-05-05T12:31:37.761Z"}
{"message":"Unexpected token t in JSON at position 132","stack":"SyntaxError: Unexpected token t in JSON at position 132\n    at JSON.parse (<anonymous>)\n    at parse (/Users/lenverstijnen/Desktop/Authentication/node_modules/body-parser/lib/types/json.js:89:19)\n    at /Users/lenverstijnen/Desktop/Authentication/node_modules/body-parser/lib/read.js:121:18\n    at invokeCallback (/Users/lenverstijnen/Desktop/Authentication/node_modules/raw-body/index.js:224:16)\n    at done (/Users/lenverstijnen/Desktop/Authentication/node_modules/raw-body/index.js:213:7)\n    at IncomingMessage.onEnd (/Users/lenverstijnen/Desktop/Authentication/node_modules/raw-body/index.js:273:7)\n    at IncomingMessage.emit (events.js:182:13)\n    at endReadableNT (_stream_readable.js:1081:12)\n    at process._tickCallback (internal/process/next_tick.js:63:19)","expose":true,"statusCode":400,"status":400,"body":"{\n \"name\": \"Len Verstijnen\",\n \"email\": \"lenverstijnen@me.com\",\n \"password\": \"123456789\",\n \"password2\": \"123456789\",\n \"isAdmin\": truettt\n}","type":"entity.parse.failed","level":"error","timestamp":"2019-05-05T12:31:50.737Z"}
{"level":"info","message":"App listens on port 3001","timestamp":"2019-05-05T12:32:36.223Z"}
{"level":"info","message":"Connected to mongoDB","timestamp":"2019-05-05T12:32:36.264Z"}
{"level":"info","message":"App listens on port 3001","timestamp":"2019-05-05T12:33:29.721Z"}
{"level":"info","message":"Connected to mongoDB","timestamp":"2019-05-05T12:33:29.750Z"}
{"level":"info","message":"App listens on port 3001","timestamp":"2019-05-10T19:57:41.722Z"}
{"level":"info","message":"Connected to mongoDB","timestamp":"2019-05-10T19:57:41.758Z"}
{"level":"info","message":"App listens on port 3001","timestamp":"2019-05-10T20:00:48.426Z"}
{"level":"info","message":"Connected to mongoDB","timestamp":"2019-05-10T20:00:48.458Z"}
{"level":"info","message":"App listens on port 3001","timestamp":"2019-05-10T20:03:05.393Z"}
{"level":"info","message":"Connected to mongoDB","timestamp":"2019-05-10T20:03:05.426Z"}
{"level":"info","message":"App listens on port 3001","timestamp":"2019-05-10T20:03:44.802Z"}
{"level":"info","message":"Connected to mongoDB","timestamp":"2019-05-10T20:03:44.833Z"}
{"level":"info","message":"App listens on port 3001","timestamp":"2019-05-10T20:04:02.675Z"}
{"level":"info","message":"Connected to mongoDB","timestamp":"2019-05-10T20:04:02.700Z"}
{"level":"info","message":"App listens on port 3001","timestamp":"2019-05-10T20:07:42.777Z"}
{"level":"info","message":"Connected to mongoDB","timestamp":"2019-05-10T20:07:42.826Z"}
{"level":"info","message":"App listens on port 3001","timestamp":"2019-05-11T08:08:37.597Z"}
{"level":"info","message":"Connected to mongoDB","timestamp":"2019-05-11T08:08:37.623Z"}
{"level":"info","message":"App listens on port 3001","timestamp":"2019-05-11T08:09:05.039Z"}
{"level":"info","message":"Connected to mongoDB","timestamp":"2019-05-11T08:09:05.066Z"}
{"level":"info","message":"App listens on port 3001","timestamp":"2019-05-11T08:17:31.229Z"}
{"level":"info","message":"Connected to mongoDB","timestamp":"2019-05-11T08:17:31.257Z"}
{"level":"info","message":"App listens on port 3001","timestamp":"2019-05-11T08:18:10.893Z"}
{"level":"info","message":"Connected to mongoDB","timestamp":"2019-05-11T08:18:10.957Z"}
{"level":"info","message":"App listens on port 3001","timestamp":"2019-05-11T08:18:25.583Z"}
{"level":"info","message":"Connected to mongoDB","timestamp":"2019-05-11T08:18:25.607Z"}
{"level":"info","message":"App listens on port 3001","timestamp":"2019-05-11T08:18:57.978Z"}
{"level":"info","message":"Connected to mongoDB","timestamp":"2019-05-11T08:18:58.004Z"}
{"level":"info","message":"App listens on port 3001","timestamp":"2019-05-11T08:28:42.199Z"}
{"level":"info","message":"Connected to mongoDB","timestamp":"2019-05-11T08:28:42.226Z"}
{"level":"info","message":"App listens on port 3001","timestamp":"2019-05-11T08:31:20.609Z"}
{"level":"info","message":"Connected to mongoDB","timestamp":"2019-05-11T08:31:20.634Z"}
{"level":"info","message":"App listens on port 3001","timestamp":"2019-05-11T08:31:30.248Z"}
{"level":"info","message":"Connected to mongoDB","timestamp":"2019-05-11T08:31:30.281Z"}
{"level":"info","message":"App listens on port 3001","timestamp":"2019-05-11T08:32:57.586Z"}
{"level":"info","message":"Connected to mongoDB","timestamp":"2019-05-11T08:32:57.611Z"}
{"level":"info","message":"App listens on port 3001","timestamp":"2019-05-11T08:33:51.607Z"}
{"level":"info","message":"Connected to mongoDB","timestamp":"2019-05-11T08:33:51.635Z"}
{"level":"info","message":"App listens on port 3001","timestamp":"2019-05-11T08:33:53.763Z"}
{"level":"info","message":"Connected to mongoDB","timestamp":"2019-05-11T08:33:53.844Z"}
{"level":"info","message":"App listens on port 3001","timestamp":"2019-05-11T08:35:02.780Z"}
{"level":"info","message":"Connected to mongoDB","timestamp":"2019-05-11T08:35:02.822Z"}
{"level":"info","message":"App listens on port 3001","timestamp":"2019-05-11T08:35:18.863Z"}
{"level":"info","message":"Connected to mongoDB","timestamp":"2019-05-11T08:35:18.887Z"}
{"level":"info","message":"App listens on port 3001","timestamp":"2019-05-11T08:37:20.827Z"}
{"level":"info","message":"Connected to mongoDB","timestamp":"2019-05-11T08:37:20.856Z"}
{"level":"info","message":"App listens on port 3001","timestamp":"2019-05-11T08:38:16.139Z"}
{"level":"info","message":"Connected to mongoDB","timestamp":"2019-05-11T08:38:16.170Z"}
{"level":"info","message":"App listens on port 3001","timestamp":"2019-05-11T08:38:38.159Z"}
{"level":"info","message":"Connected to mongoDB","timestamp":"2019-05-11T08:38:38.205Z"}
{"level":"info","message":"App listens on port 3001","timestamp":"2019-05-11T08:38:49.740Z"}
{"level":"info","message":"Connected to mongoDB","timestamp":"2019-05-11T08:38:49.763Z"}
{"level":"info","message":"App listens on port 3001","timestamp":"2019-05-11T08:40:17.659Z"}
{"level":"info","message":"Connected to mongoDB","timestamp":"2019-05-11T08:40:17.702Z"}
{"level":"info","message":"App listens on port 3001","timestamp":"2019-05-11T08:40:25.091Z"}
{"level":"info","message":"Connected to mongoDB","timestamp":"2019-05-11T08:40:25.116Z"}
{"level":"info","message":"App listens on port 3001","timestamp":"2019-05-11T08:43:15.552Z"}
{"level":"info","message":"Connected to mongoDB","timestamp":"2019-05-11T08:43:15.577Z"}
{"level":"info","message":"App listens on port 3001","timestamp":"2019-05-11T08:43:23.942Z"}
{"level":"info","message":"Connected to mongoDB","timestamp":"2019-05-11T08:43:23.967Z"}
{"level":"info","message":"App listens on port 3001","timestamp":"2019-05-11T08:43:30.623Z"}
{"level":"info","message":"Connected to mongoDB","timestamp":"2019-05-11T08:43:30.649Z"}
{"level":"info","message":"App listens on port 3001","timestamp":"2019-05-11T09:06:19.938Z"}
{"level":"info","message":"Connected to mongoDB","timestamp":"2019-05-11T09:06:19.962Z"}
{"level":"info","message":"App listens on port 3001","timestamp":"2019-05-11T09:06:24.214Z"}
{"level":"info","message":"Connected to mongoDB","timestamp":"2019-05-11T09:06:24.239Z"}
{"level":"info","message":"App listens on port 3001","timestamp":"2019-05-11T09:06:36.598Z"}
{"level":"info","message":"Connected to mongoDB","timestamp":"2019-05-11T09:06:36.623Z"}
{"level":"info","message":"App listens on port 3001","timestamp":"2019-05-11T09:06:50.659Z"}
{"level":"info","message":"Connected to mongoDB","timestamp":"2019-05-11T09:06:50.683Z"}
{"level":"info","message":"App listens on port 3001","timestamp":"2019-05-11T09:07:00.275Z"}
{"level":"info","message":"Connected to mongoDB","timestamp":"2019-05-11T09:07:00.307Z"}
{"level":"info","message":"App listens on port 3001","timestamp":"2019-05-11T09:07:12.253Z"}
{"level":"info","message":"Connected to mongoDB","timestamp":"2019-05-11T09:07:12.287Z"}
{"level":"info","message":"App listens on port 3001","timestamp":"2019-05-11T09:07:14.834Z"}
{"level":"info","message":"Connected to mongoDB","timestamp":"2019-05-11T09:07:14.858Z"}
{"level":"info","message":"App listens on port 3001","timestamp":"2019-05-11T10:43:42.048Z"}
{"level":"info","message":"Connected to mongoDB","timestamp":"2019-05-11T10:43:42.074Z"}
{"level":"info","message":"App listens on port 3001","timestamp":"2019-05-11T10:44:53.133Z"}
{"level":"info","message":"Connected to mongoDB","timestamp":"2019-05-11T10:44:53.157Z"}
{"level":"info","message":"App listens on port 3001","timestamp":"2019-05-11T10:46:05.997Z"}
{"level":"info","message":"Connected to mongoDB","timestamp":"2019-05-11T10:46:06.022Z"}
{"level":"info","message":"App listens on port 3001","timestamp":"2019-05-11T10:46:31.582Z"}
{"level":"info","message":"Connected to mongoDB","timestamp":"2019-05-11T10:46:31.608Z"}
{"level":"info","message":"App listens on port 3001","timestamp":"2019-05-11T11:33:39.935Z"}
{"level":"info","message":"Connected to mongoDB","timestamp":"2019-05-11T11:33:39.973Z"}
{"level":"info","message":"App listens on port 3001","timestamp":"2019-05-11T11:33:42.174Z"}
{"level":"info","message":"Connected to mongoDB","timestamp":"2019-05-11T11:33:42.209Z"}
{"level":"info","message":"App listens on port 3001","timestamp":"2019-05-11T11:34:03.471Z"}
{"level":"info","message":"Connected to mongoDB","timestamp":"2019-05-11T11:34:03.503Z"}
{"level":"info","message":"App listens on port 3001","timestamp":"2019-05-11T11:35:15.135Z"}
{"level":"info","message":"Connected to mongoDB","timestamp":"2019-05-11T11:35:15.160Z"}
{"level":"info","message":"App listens on port 3001","timestamp":"2019-05-11T11:37:12.910Z"}
{"level":"info","message":"Connected to mongoDB","timestamp":"2019-05-11T11:37:12.935Z"}
{"level":"info","message":"App listens on port 3001","timestamp":"2019-05-11T11:37:30.521Z"}
{"level":"info","message":"Connected to mongoDB","timestamp":"2019-05-11T11:37:30.546Z"}
{"level":"info","message":"App listens on port 3001","timestamp":"2019-05-11T11:38:15.293Z"}
{"level":"info","message":"Connected to mongoDB","timestamp":"2019-05-11T11:38:15.340Z"}
{"level":"info","message":"App listens on port 3001","timestamp":"2019-05-11T11:38:29.753Z"}
{"level":"info","message":"Connected to mongoDB","timestamp":"2019-05-11T11:38:29.783Z"}
{"level":"info","message":"App listens on port 3001","timestamp":"2019-05-11T11:39:15.892Z"}
{"level":"info","message":"Connected to mongoDB","timestamp":"2019-05-11T11:39:15.918Z"}
{"level":"info","message":"App listens on port 3001","timestamp":"2019-05-11T11:40:40.989Z"}
{"level":"info","message":"Connected to mongoDB","timestamp":"2019-05-11T11:40:41.017Z"}
{"level":"info","message":"App listens on port 3001","timestamp":"2019-05-11T11:41:04.370Z"}
{"level":"info","message":"Connected to mongoDB","timestamp":"2019-05-11T11:41:04.418Z"}
{"level":"info","message":"App listens on port 3001","timestamp":"2019-05-11T11:42:17.482Z"}
{"level":"info","message":"Connected to mongoDB","timestamp":"2019-05-11T11:42:17.510Z"}
{"level":"info","message":"App listens on port 3001","timestamp":"2019-05-11T11:42:52.497Z"}
{"level":"info","message":"Connected to mongoDB","timestamp":"2019-05-11T11:42:52.522Z"}
{"level":"info","message":"App listens on port 3001","timestamp":"2019-05-11T11:42:56.509Z"}
{"level":"info","message":"Connected to mongoDB","timestamp":"2019-05-11T11:42:56.543Z"}
{"level":"info","message":"App listens on port 3001","timestamp":"2019-05-11T11:42:59.598Z"}
{"level":"info","message":"Connected to mongoDB","timestamp":"2019-05-11T11:42:59.626Z"}
{"level":"info","message":"App listens on port 3001","timestamp":"2019-05-11T11:46:18.812Z"}
{"level":"info","message":"Connected to mongoDB","timestamp":"2019-05-11T11:46:18.842Z"}
{"level":"info","message":"App listens on port 3001","timestamp":"2019-05-11T11:48:00.079Z"}
{"level":"info","message":"Connected to mongoDB","timestamp":"2019-05-11T11:48:00.107Z"}
{"level":"info","message":"App listens on port 3001","timestamp":"2019-05-11T11:48:31.980Z"}
{"level":"info","message":"Connected to mongoDB","timestamp":"2019-05-11T11:48:32.014Z"}
{"level":"info","message":"App listens on port 3001","timestamp":"2019-05-11T11:48:41.051Z"}
{"level":"info","message":"Connected to mongoDB","timestamp":"2019-05-11T11:48:41.080Z"}
{"level":"info","message":"App listens on port 3001","timestamp":"2019-05-11T11:48:44.207Z"}
{"level":"info","message":"Connected to mongoDB","timestamp":"2019-05-11T11:48:44.233Z"}
{"level":"info","message":"App listens on port 3001","timestamp":"2019-05-11T11:48:57.174Z"}
{"level":"info","message":"Connected to mongoDB","timestamp":"2019-05-11T11:48:57.206Z"}
{"level":"info","message":"App listens on port 3001","timestamp":"2019-05-11T11:55:56.526Z"}
{"level":"info","message":"Connected to mongoDB","timestamp":"2019-05-11T11:55:56.550Z"}
{"level":"info","message":"App listens on port 3001","timestamp":"2019-05-11T11:56:13.285Z"}
{"level":"info","message":"Connected to mongoDB","timestamp":"2019-05-11T11:56:13.322Z"}
{"level":"info","message":"App listens on port 3001","timestamp":"2019-05-11T11:56:18.680Z"}
{"level":"info","message":"Connected to mongoDB","timestamp":"2019-05-11T11:56:18.705Z"}
{"message":"config is not defined","stack":"ReferenceError: config is not defined\n    at router.get (/Users/lenverstijnen/Desktop/Authentication/routes/auth.js:7:28)\n    at newFn (/Users/lenverstijnen/Desktop/Authentication/node_modules/express-async-errors/index.js:16:20)\n    at Layer.handle [as handle_request] (/Users/lenverstijnen/Desktop/Authentication/node_modules/express/lib/router/layer.js:95:5)\n    at next (/Users/lenverstijnen/Desktop/Authentication/node_modules/express/lib/router/route.js:137:13)\n    at Route.dispatch (/Users/lenverstijnen/Desktop/Authentication/node_modules/express/lib/router/route.js:112:3)\n    at newFn (/Users/lenverstijnen/Desktop/Authentication/node_modules/express-async-errors/index.js:16:20)\n    at Layer.handle [as handle_request] (/Users/lenverstijnen/Desktop/Authentication/node_modules/express/lib/router/layer.js:95:5)\n    at /Users/lenverstijnen/Desktop/Authentication/node_modules/express/lib/router/index.js:281:22\n    at Function.process_params (/Users/lenverstijnen/Desktop/Authentication/node_modules/express/lib/router/index.js:335:12)\n    at next (/Users/lenverstijnen/Desktop/Authentication/node_modules/express/lib/router/index.js:275:10)\n    at Function.handle (/Users/lenverstijnen/Desktop/Authentication/node_modules/express/lib/router/index.js:174:3)\n    at router (/Users/lenverstijnen/Desktop/Authentication/node_modules/express/lib/router/index.js:47:12)\n    at newFn (/Users/lenverstijnen/Desktop/Authentication/node_modules/express-async-errors/index.js:16:20)\n    at Layer.handle [as handle_request] (/Users/lenverstijnen/Desktop/Authentication/node_modules/express/lib/router/layer.js:95:5)\n    at trim_prefix (/Users/lenverstijnen/Desktop/Authentication/node_modules/express/lib/router/index.js:317:13)\n    at /Users/lenverstijnen/Desktop/Authentication/node_modules/express/lib/router/index.js:284:7","level":"error","timestamp":"2019-05-11T11:56:20.371Z"}
{"message":"config is not defined","stack":"ReferenceError: config is not defined\n    at router.get (/Users/lenverstijnen/Desktop/Authentication/routes/auth.js:7:28)\n    at newFn (/Users/lenverstijnen/Desktop/Authentication/node_modules/express-async-errors/index.js:16:20)\n    at Layer.handle [as handle_request] (/Users/lenverstijnen/Desktop/Authentication/node_modules/express/lib/router/layer.js:95:5)\n    at next (/Users/lenverstijnen/Desktop/Authentication/node_modules/express/lib/router/route.js:137:13)\n    at Route.dispatch (/Users/lenverstijnen/Desktop/Authentication/node_modules/express/lib/router/route.js:112:3)\n    at newFn (/Users/lenverstijnen/Desktop/Authentication/node_modules/express-async-errors/index.js:16:20)\n    at Layer.handle [as handle_request] (/Users/lenverstijnen/Desktop/Authentication/node_modules/express/lib/router/layer.js:95:5)\n    at /Users/lenverstijnen/Desktop/Authentication/node_modules/express/lib/router/index.js:281:22\n    at Function.process_params (/Users/lenverstijnen/Desktop/Authentication/node_modules/express/lib/router/index.js:335:12)\n    at next (/Users/lenverstijnen/Desktop/Authentication/node_modules/express/lib/router/index.js:275:10)\n    at Function.handle (/Users/lenverstijnen/Desktop/Authentication/node_modules/express/lib/router/index.js:174:3)\n    at router (/Users/lenverstijnen/Desktop/Authentication/node_modules/express/lib/router/index.js:47:12)\n    at newFn (/Users/lenverstijnen/Desktop/Authentication/node_modules/express-async-errors/index.js:16:20)\n    at Layer.handle [as handle_request] (/Users/lenverstijnen/Desktop/Authentication/node_modules/express/lib/router/layer.js:95:5)\n    at trim_prefix (/Users/lenverstijnen/Desktop/Authentication/node_modules/express/lib/router/index.js:317:13)\n    at /Users/lenverstijnen/Desktop/Authentication/node_modules/express/lib/router/index.js:284:7","level":"error","timestamp":"2019-05-11T11:56:20.399Z"}
{"level":"info","message":"App listens on port 3001","timestamp":"2019-05-11T12:00:27.675Z"}
{"level":"info","message":"Connected to mongoDB","timestamp":"2019-05-11T12:00:27.700Z"}
{"level":"info","message":"App listens on port 3001","timestamp":"2019-05-11T12:11:04.850Z"}
{"level":"info","message":"Connected to mongoDB","timestamp":"2019-05-11T12:11:04.876Z"}
{"level":"info","message":"App listens on port 3001","timestamp":"2019-05-11T12:11:10.490Z"}
{"level":"info","message":"Connected to mongoDB","timestamp":"2019-05-11T12:11:10.519Z"}
{"level":"info","message":"App listens on port 3001","timestamp":"2019-05-11T12:11:33.207Z"}
{"level":"info","message":"Connected to mongoDB","timestamp":"2019-05-11T12:11:33.234Z"}
{"level":"info","message":"App listens on port 3001","timestamp":"2019-05-11T12:11:44.333Z"}
{"level":"info","message":"Connected to mongoDB","timestamp":"2019-05-11T12:11:44.362Z"}
{"level":"info","message":"App listens on port 3001","timestamp":"2019-05-11T12:11:51.427Z"}
{"level":"info","message":"Connected to mongoDB","timestamp":"2019-05-11T12:11:51.472Z"}
{"level":"info","message":"App listens on port 3001","timestamp":"2019-05-11T12:12:41.759Z"}
{"level":"info","message":"Connected to mongoDB","timestamp":"2019-05-11T12:12:41.795Z"}
{"level":"info","message":"App listens on port 3001","timestamp":"2019-05-11T12:12:45.881Z"}
{"level":"info","message":"Connected to mongoDB","timestamp":"2019-05-11T12:12:45.905Z"}
{"level":"info","message":"App listens on port 3001","timestamp":"2019-05-11T12:13:10.764Z"}
{"level":"info","message":"Connected to mongoDB","timestamp":"2019-05-11T12:13:10.843Z"}
{"level":"info","message":"App listens on port 3001","timestamp":"2019-05-11T12:14:09.395Z"}
{"level":"info","message":"Connected to mongoDB","timestamp":"2019-05-11T12:14:09.430Z"}
{"level":"info","message":"App listens on port 3001","timestamp":"2019-05-11T12:14:54.271Z"}
{"level":"info","message":"Connected to mongoDB","timestamp":"2019-05-11T12:14:54.298Z"}
{"level":"info","message":"App listens on port 3001","timestamp":"2019-05-11T12:16:01.872Z"}
{"level":"info","message":"Connected to mongoDB","timestamp":"2019-05-11T12:16:01.930Z"}
{"level":"info","message":"App listens on port 3001","timestamp":"2019-05-11T12:16:41.808Z"}
{"level":"info","message":"Connected to mongoDB","timestamp":"2019-05-11T12:16:41.834Z"}
{"level":"info","message":"App listens on port 3001","timestamp":"2019-05-11T12:16:50.698Z"}
{"level":"info","message":"Connected to mongoDB","timestamp":"2019-05-11T12:16:50.722Z"}
{"level":"info","message":"App listens on port 3001","timestamp":"2019-05-11T12:17:01.079Z"}
{"level":"info","message":"Connected to mongoDB","timestamp":"2019-05-11T12:17:01.106Z"}
{"level":"info","message":"App listens on port 3001","timestamp":"2019-05-11T12:17:24.619Z"}
{"level":"info","message":"Connected to mongoDB","timestamp":"2019-05-11T12:17:24.644Z"}
{"level":"info","message":"App listens on port 3001","timestamp":"2019-05-11T12:18:16.432Z"}
{"level":"info","message":"Connected to mongoDB","timestamp":"2019-05-11T12:18:16.465Z"}
{"level":"info","message":"App listens on port 3001","timestamp":"2019-05-11T12:18:47.840Z"}
{"level":"info","message":"Connected to mongoDB","timestamp":"2019-05-11T12:18:47.894Z"}
{"level":"info","message":"App listens on port 3001","timestamp":"2019-05-11T12:34:52.595Z"}
{"level":"info","message":"Connected to mongoDB","timestamp":"2019-05-11T12:34:52.618Z"}
{"level":"info","message":"App listens on port 3001","timestamp":"2019-05-11T12:35:10.373Z"}
{"level":"info","message":"Connected to mongoDB","timestamp":"2019-05-11T12:35:10.409Z"}
{"level":"info","message":"App listens on port 3001","timestamp":"2019-05-11T12:35:44.139Z"}
{"level":"info","message":"Connected to mongoDB","timestamp":"2019-05-11T12:35:44.166Z"}
{"level":"info","message":"App listens on port 3001","timestamp":"2019-05-11T12:35:53.859Z"}
{"level":"info","message":"Connected to mongoDB","timestamp":"2019-05-11T12:35:53.886Z"}
{"level":"info","message":"App listens on port 3001","timestamp":"2019-05-11T12:36:15.622Z"}
{"level":"info","message":"Connected to mongoDB","timestamp":"2019-05-11T12:36:15.650Z"}
{"level":"info","message":"App listens on port 3001","timestamp":"2019-05-11T12:36:29.803Z"}
{"level":"info","message":"Connected to mongoDB","timestamp":"2019-05-11T12:36:29.827Z"}
{"level":"info","message":"App listens on port 3001","timestamp":"2019-05-11T12:36:35.330Z"}
{"level":"info","message":"Connected to mongoDB","timestamp":"2019-05-11T12:36:35.352Z"}
{"level":"info","message":"App listens on port 3001","timestamp":"2019-05-11T12:37:13.468Z"}
{"level":"info","message":"Connected to mongoDB","timestamp":"2019-05-11T12:37:13.508Z"}
{"level":"info","message":"App listens on port 3001","timestamp":"2019-05-11T12:38:24.885Z"}
{"level":"info","message":"Connected to mongoDB","timestamp":"2019-05-11T12:38:24.910Z"}
{"level":"info","message":"App listens on port 3001","timestamp":"2019-05-11T12:39:38.309Z"}
{"level":"info","message":"Connected to mongoDB","timestamp":"2019-05-11T12:39:38.338Z"}
{"level":"info","message":"App listens on port 3001","timestamp":"2019-05-11T12:39:56.815Z"}
{"level":"info","message":"Connected to mongoDB","timestamp":"2019-05-11T12:39:56.845Z"}
{"level":"info","message":"App listens on port 3001","timestamp":"2019-05-11T12:40:36.291Z"}
{"level":"info","message":"Connected to mongoDB","timestamp":"2019-05-11T12:40:36.315Z"}
{"level":"info","message":"App listens on port 3001","timestamp":"2019-05-11T12:40:44.914Z"}
{"level":"info","message":"Connected to mongoDB","timestamp":"2019-05-11T12:40:44.943Z"}
{"level":"info","message":"App listens on port 3001","timestamp":"2019-05-11T12:41:06.755Z"}
{"level":"info","message":"Connected to mongoDB","timestamp":"2019-05-11T12:41:06.781Z"}
{"level":"info","message":"App listens on port 3001","timestamp":"2019-05-11T12:42:09.759Z"}
{"level":"info","message":"Connected to mongoDB","timestamp":"2019-05-11T12:42:09.784Z"}
{"level":"info","message":"App listens on port 3001","timestamp":"2019-05-11T12:42:13.155Z"}
{"level":"info","message":"Connected to mongoDB","timestamp":"2019-05-11T12:42:13.179Z"}
{"level":"info","message":"App listens on port 3001","timestamp":"2019-05-11T12:42:41.964Z"}
{"level":"info","message":"Connected to mongoDB","timestamp":"2019-05-11T12:42:41.987Z"}
{"level":"info","message":"App listens on port 3001","timestamp":"2019-05-11T12:42:59.740Z"}
{"level":"info","message":"Connected to mongoDB","timestamp":"2019-05-11T12:42:59.772Z"}
{"level":"info","message":"App listens on port 3001","timestamp":"2019-05-11T12:44:16.579Z"}
{"level":"info","message":"Connected to mongoDB","timestamp":"2019-05-11T12:44:16.603Z"}
{"level":"info","message":"App listens on port 3001","timestamp":"2019-05-11T12:45:05.357Z"}
{"level":"info","message":"Connected to mongoDB","timestamp":"2019-05-11T12:45:05.381Z"}
{"level":"info","message":"App listens on port 3001","timestamp":"2019-05-11T12:46:32.364Z"}
{"level":"info","message":"Connected to mongoDB","timestamp":"2019-05-11T12:46:32.391Z"}
{"level":"info","message":"App listens on port 3001","timestamp":"2019-05-11T12:47:03.836Z"}
{"level":"info","message":"Connected to mongoDB","timestamp":"2019-05-11T12:47:03.864Z"}
{"level":"info","message":"App listens on port 3001","timestamp":"2019-05-11T12:47:31.861Z"}
{"level":"info","message":"Connected to mongoDB","timestamp":"2019-05-11T12:47:31.886Z"}
{"level":"info","message":"App listens on port 3001","timestamp":"2019-05-11T12:47:43.767Z"}
{"level":"info","message":"Connected to mongoDB","timestamp":"2019-05-11T12:47:43.795Z"}
{"level":"info","message":"App listens on port 3001","timestamp":"2019-05-11T19:15:51.560Z"}
{"level":"info","message":"Connected to mongoDB","timestamp":"2019-05-11T19:15:51.587Z"}
{"level":"info","message":"App listens on port 3001","timestamp":"2019-05-11T19:16:45.763Z"}
{"level":"info","message":"Connected to mongoDB","timestamp":"2019-05-11T19:16:45.791Z"}
{"level":"info","message":"App listens on port 3001","timestamp":"2019-05-11T19:17:08.928Z"}
{"level":"info","message":"Connected to mongoDB","timestamp":"2019-05-11T19:17:08.953Z"}
{"level":"info","message":"App listens on port 3001","timestamp":"2019-05-11T19:17:24.783Z"}
{"level":"info","message":"Connected to mongoDB","timestamp":"2019-05-11T19:17:24.807Z"}
{"level":"info","message":"App listens on port 3001","timestamp":"2019-05-11T19:17:52.826Z"}
{"level":"info","message":"Connected to mongoDB","timestamp":"2019-05-11T19:17:52.854Z"}
{"level":"info","message":"App listens on port 3001","timestamp":"2019-05-11T19:18:06.116Z"}
{"level":"info","message":"Connected to mongoDB","timestamp":"2019-05-11T19:18:06.142Z"}
{"level":"info","message":"App listens on port 3001","timestamp":"2019-05-11T19:18:21.384Z"}
{"level":"info","message":"Connected to mongoDB","timestamp":"2019-05-11T19:18:21.408Z"}
{"level":"info","message":"App listens on port 3001","timestamp":"2019-05-11T19:23:10.783Z"}
{"level":"info","message":"Connected to mongoDB","timestamp":"2019-05-11T19:23:10.807Z"}
{"level":"info","message":"App listens on port 3001","timestamp":"2019-05-11T19:24:00.120Z"}
{"level":"info","message":"Connected to mongoDB","timestamp":"2019-05-11T19:24:00.149Z"}
{"level":"info","message":"App listens on port 3001","timestamp":"2019-05-11T19:24:18.083Z"}
{"level":"info","message":"Connected to mongoDB","timestamp":"2019-05-11T19:24:18.118Z"}
{"level":"info","message":"App listens on port 3001","timestamp":"2019-05-11T19:24:28.430Z"}
{"level":"info","message":"Connected to mongoDB","timestamp":"2019-05-11T19:24:28.465Z"}
{"level":"info","message":"App listens on port 3001","timestamp":"2019-05-11T19:49:52.119Z"}
{"level":"info","message":"Connected to mongoDB","timestamp":"2019-05-11T19:49:52.143Z"}
{"level":"info","message":"App listens on port 3001","timestamp":"2019-05-11T19:49:58.342Z"}
{"level":"info","message":"Connected to mongoDB","timestamp":"2019-05-11T19:49:58.375Z"}
{"level":"info","message":"App listens on port 3001","timestamp":"2019-05-11T19:50:08.413Z"}
{"level":"info","message":"Connected to mongoDB","timestamp":"2019-05-11T19:50:08.446Z"}
{"level":"info","message":"App listens on port 3001","timestamp":"2019-05-11T19:52:15.875Z"}
{"level":"info","message":"Connected to mongoDB","timestamp":"2019-05-11T19:52:15.913Z"}
{"level":"info","message":"App listens on port 3001","timestamp":"2019-05-11T19:54:34.409Z"}
{"level":"info","message":"Connected to mongoDB","timestamp":"2019-05-11T19:54:34.435Z"}
{"level":"info","message":"App listens on port 3001","timestamp":"2019-05-11T19:54:57.947Z"}
{"level":"info","message":"Connected to mongoDB","timestamp":"2019-05-11T19:54:57.975Z"}
{"level":"info","message":"App listens on port 3001","timestamp":"2019-05-11T19:55:43.393Z"}
{"level":"info","message":"Connected to mongoDB","timestamp":"2019-05-11T19:55:43.417Z"}
{"level":"info","message":"App listens on port 3001","timestamp":"2019-05-11T19:56:05.316Z"}
{"level":"info","message":"Connected to mongoDB","timestamp":"2019-05-11T19:56:05.340Z"}
{"level":"info","message":"App listens on port 3001","timestamp":"2019-05-11T19:56:26.116Z"}
{"level":"info","message":"Connected to mongoDB","timestamp":"2019-05-11T19:56:26.142Z"}
{"level":"info","message":"App listens on port 3001","timestamp":"2019-05-11T19:56:41.621Z"}
{"level":"info","message":"Connected to mongoDB","timestamp":"2019-05-11T19:56:41.645Z"}
{"level":"info","message":"App listens on port 3001","timestamp":"2019-05-11T19:58:31.434Z"}
{"level":"info","message":"Connected to mongoDB","timestamp":"2019-05-11T19:58:31.460Z"}
{"level":"info","message":"App listens on port 3001","timestamp":"2019-05-11T19:58:50.247Z"}
{"level":"info","message":"Connected to mongoDB","timestamp":"2019-05-11T19:58:50.303Z"}
{"level":"info","message":"App listens on port 3001","timestamp":"2019-05-11T20:00:19.262Z"}
{"level":"info","message":"Connected to mongoDB","timestamp":"2019-05-11T20:00:19.325Z"}
{"level":"info","message":"App listens on port 3001","timestamp":"2019-05-11T20:01:54.255Z"}
{"level":"info","message":"Connected to mongoDB","timestamp":"2019-05-11T20:01:54.306Z"}
{"level":"info","message":"App listens on port 3001","timestamp":"2019-05-11T20:02:03.442Z"}
{"level":"info","message":"Connected to mongoDB","timestamp":"2019-05-11T20:02:03.466Z"}
{"level":"info","message":"App listens on port 3001","timestamp":"2019-05-11T20:21:14.420Z"}
{"level":"info","message":"Connected to mongoDB","timestamp":"2019-05-11T20:21:14.446Z"}
{"level":"info","message":"App listens on port 3001","timestamp":"2019-05-11T20:21:42.649Z"}
{"level":"info","message":"Connected to mongoDB","timestamp":"2019-05-11T20:21:42.702Z"}
{"level":"info","message":"App listens on port 3001","timestamp":"2019-05-11T20:22:01.383Z"}
{"level":"info","message":"Connected to mongoDB","timestamp":"2019-05-11T20:22:01.414Z"}
{"level":"info","message":"App listens on port 3001","timestamp":"2019-05-11T20:22:19.518Z"}
{"level":"info","message":"Connected to mongoDB","timestamp":"2019-05-11T20:22:19.542Z"}
{"level":"info","message":"App listens on port 3001","timestamp":"2019-05-11T20:22:50.043Z"}
{"level":"info","message":"Connected to mongoDB","timestamp":"2019-05-11T20:22:50.067Z"}
{"level":"info","message":"App listens on port 3001","timestamp":"2019-05-11T20:22:56.920Z"}
{"level":"info","message":"Connected to mongoDB","timestamp":"2019-05-11T20:22:56.944Z"}
{"level":"info","message":"App listens on port 3001","timestamp":"2019-05-11T20:23:17.978Z"}
{"level":"info","message":"Connected to mongoDB","timestamp":"2019-05-11T20:23:18.002Z"}
{"level":"info","message":"App listens on port 3001","timestamp":"2019-05-11T20:23:31.983Z"}
{"level":"info","message":"Connected to mongoDB","timestamp":"2019-05-11T20:23:32.021Z"}
{"level":"info","message":"App listens on port 3001","timestamp":"2019-05-11T20:24:40.996Z"}
{"level":"info","message":"Connected to mongoDB","timestamp":"2019-05-11T20:24:41.020Z"}
{"level":"info","message":"App listens on port 3001","timestamp":"2019-05-11T20:24:56.978Z"}
{"level":"info","message":"Connected to mongoDB","timestamp":"2019-05-11T20:24:57.011Z"}
{"level":"info","message":"App listens on port 3001","timestamp":"2019-05-12T06:56:26.247Z"}
{"level":"info","message":"Connected to mongoDB","timestamp":"2019-05-12T06:56:26.273Z"}
{"level":"info","message":"App listens on port 3001","timestamp":"2019-05-12T06:56:42.780Z"}
{"level":"info","message":"Connected to mongoDB","timestamp":"2019-05-12T06:56:42.804Z"}
{"level":"info","message":"App listens on port 3001","timestamp":"2019-05-12T06:57:28.523Z"}
{"level":"info","message":"Connected to mongoDB","timestamp":"2019-05-12T06:57:28.588Z"}
{"level":"info","message":"App listens on port 3001","timestamp":"2019-05-12T06:57:38.553Z"}
{"level":"info","message":"Connected to mongoDB","timestamp":"2019-05-12T06:57:38.582Z"}
{"level":"info","message":"App listens on port 3001","timestamp":"2019-05-12T06:58:16.185Z"}
{"level":"info","message":"Connected to mongoDB","timestamp":"2019-05-12T06:58:16.215Z"}
{"level":"info","message":"App listens on port 3001","timestamp":"2019-05-12T06:58:22.525Z"}
{"level":"info","message":"Connected to mongoDB","timestamp":"2019-05-12T06:58:22.551Z"}
{"level":"info","message":"App listens on port 3001","timestamp":"2019-05-12T06:58:32.779Z"}
{"level":"info","message":"Connected to mongoDB","timestamp":"2019-05-12T06:58:32.814Z"}
{"level":"info","message":"App listens on port 3001","timestamp":"2019-05-12T06:58:41.202Z"}
{"level":"info","message":"Connected to mongoDB","timestamp":"2019-05-12T06:58:41.225Z"}
{"level":"info","message":"App listens on port 3001","timestamp":"2019-05-12T06:59:27.277Z"}
{"level":"info","message":"Connected to mongoDB","timestamp":"2019-05-12T06:59:27.300Z"}
{"level":"info","message":"App listens on port 3001","timestamp":"2019-05-12T06:59:34.576Z"}
{"level":"info","message":"Connected to mongoDB","timestamp":"2019-05-12T06:59:34.600Z"}
{"level":"info","message":"App listens on port 3001","timestamp":"2019-05-12T06:59:38.866Z"}
{"level":"info","message":"Connected to mongoDB","timestamp":"2019-05-12T06:59:38.893Z"}
{"level":"info","message":"App listens on port 3001","timestamp":"2019-05-12T07:00:03.851Z"}
{"level":"info","message":"Connected to mongoDB","timestamp":"2019-05-12T07:00:03.881Z"}
{"level":"info","message":"App listens on port 3001","timestamp":"2019-05-12T07:01:46.683Z"}
{"level":"info","message":"Connected to mongoDB","timestamp":"2019-05-12T07:01:46.709Z"}
{"level":"info","message":"App listens on port 3001","timestamp":"2019-05-12T07:22:02.738Z"}
{"level":"info","message":"Connected to mongoDB","timestamp":"2019-05-12T07:22:02.766Z"}
{"level":"info","message":"App listens on port 3001","timestamp":"2019-05-12T07:22:34.485Z"}
{"level":"info","message":"Connected to mongoDB","timestamp":"2019-05-12T07:22:34.516Z"}
{"message":"res.senStatus is not a function","stack":"TypeError: res.senStatus is not a function\n    at router.get (/Users/lenverstijnen/Desktop/Authentication/routes/auth.js:11:7)\n    at newFn (/Users/lenverstijnen/Desktop/Authentication/node_modules/express-async-errors/index.js:16:20)\n    at Layer.handle [as handle_request] (/Users/lenverstijnen/Desktop/Authentication/node_modules/express/lib/router/layer.js:95:5)\n    at next (/Users/lenverstijnen/Desktop/Authentication/node_modules/express/lib/router/route.js:137:13)\n    at auth (/Users/lenverstijnen/Desktop/Authentication/middleware/auth.js:11:5)\n    at newFn (/Users/lenverstijnen/Desktop/Authentication/node_modules/express-async-errors/index.js:16:20)\n    at Layer.handle [as handle_request] (/Users/lenverstijnen/Desktop/Authentication/node_modules/express/lib/router/layer.js:95:5)\n    at next (/Users/lenverstijnen/Desktop/Authentication/node_modules/express/lib/router/route.js:137:13)\n    at Route.dispatch (/Users/lenverstijnen/Desktop/Authentication/node_modules/express/lib/router/route.js:112:3)\n    at newFn (/Users/lenverstijnen/Desktop/Authentication/node_modules/express-async-errors/index.js:16:20)\n    at Layer.handle [as handle_request] (/Users/lenverstijnen/Desktop/Authentication/node_modules/express/lib/router/layer.js:95:5)\n    at /Users/lenverstijnen/Desktop/Authentication/node_modules/express/lib/router/index.js:281:22\n    at Function.process_params (/Users/lenverstijnen/Desktop/Authentication/node_modules/express/lib/router/index.js:335:12)\n    at next (/Users/lenverstijnen/Desktop/Authentication/node_modules/express/lib/router/index.js:275:10)\n    at Function.handle (/Users/lenverstijnen/Desktop/Authentication/node_modules/express/lib/router/index.js:174:3)\n    at router (/Users/lenverstijnen/Desktop/Authentication/node_modules/express/lib/router/index.js:47:12)","level":"error","timestamp":"2019-05-12T07:23:07.450Z"}
{"level":"info","message":"App listens on port 3001","timestamp":"2019-05-12T07:23:20.630Z"}
{"level":"info","message":"Connected to mongoDB","timestamp":"2019-05-12T07:23:20.662Z"}
{"level":"info","message":"App listens on port 3001","timestamp":"2019-05-12T07:48:56.910Z"}
{"level":"info","message":"Connected to mongoDB","timestamp":"2019-05-12T07:48:56.950Z"}
{"level":"info","message":"App listens on port 3001","timestamp":"2019-05-13T10:06:04.802Z"}
{"level":"info","message":"Connected to mongoDB","timestamp":"2019-05-13T10:06:04.829Z"}
{"level":"info","message":"App listens on port 3001","timestamp":"2019-05-14T08:27:22.484Z"}
{"level":"info","message":"Connected to mongoDB","timestamp":"2019-05-14T08:27:22.509Z"}
{"level":"info","message":"App listens on port 3001","timestamp":"2019-05-15T19:03:35.271Z"}
{"level":"info","message":"Connected to mongoDB","timestamp":"2019-05-15T19:03:35.319Z"}
{"level":"info","message":"App listens on port 3001","timestamp":"2019-05-16T08:45:37.891Z"}
{"level":"info","message":"Connected to mongoDB","timestamp":"2019-05-16T08:45:37.921Z"}
{"level":"info","message":"App listens on port 3001","timestamp":"2019-05-16T09:23:19.992Z"}
{"level":"info","message":"Connected to mongoDB","timestamp":"2019-05-16T09:23:20.021Z"}
{"level":"info","message":"App listens on port 3001","timestamp":"2019-05-16T09:23:32.574Z"}
{"level":"info","message":"Connected to mongoDB","timestamp":"2019-05-16T09:23:32.608Z"}
{"level":"info","message":"App listens on port 3001","timestamp":"2019-05-16T09:26:45.725Z"}
{"level":"info","message":"Connected to mongoDB","timestamp":"2019-05-16T09:26:45.752Z"}
{"level":"info","message":"App listens on port 3001","timestamp":"2019-05-16T09:51:08.257Z"}
{"level":"info","message":"Connected to mongoDB","timestamp":"2019-05-16T09:51:08.282Z"}
{"level":"info","message":"App listens on port 3001","timestamp":"2019-05-16T09:51:12.850Z"}
{"level":"info","message":"Connected to mongoDB","timestamp":"2019-05-16T09:51:12.881Z"}
